<?xml version="1.0" encoding="UTF-8"?>
<testng-results skipped="0" failed="0" total="1" passed="1">
  <reporter-output>
  </reporter-output>
  <suite name="Default suite" duration-ms="18664" started-at="2016-10-17T18:56:39Z" finished-at="2016-10-17T18:56:58Z">
    <groups>
    </groups>
    <test name="Default test" duration-ms="18664" started-at="2016-10-17T18:56:39Z" finished-at="2016-10-17T18:56:58Z">
      <class name="myPackage.myClass">
        <test-method status="PASS" signature="setupDriver()[pri:0, instance:myPackage.myClass@19f379]" name="setupDriver" is-config="true" duration-ms="12428" started-at="2016-10-17T14:56:39Z" finished-at="2016-10-17T14:56:51Z">
          <reporter-output>
          </reporter-output>
        </test-method> <!-- setupDriver -->
        <test-method status="PASS" signature="verifyHomePageTitle()[pri:0, instance:myPackage.myClass@19f379]" name="verifyHomePageTitle" duration-ms="6201" started-at="2016-10-17T14:56:52Z" finished-at="2016-10-17T14:56:58Z">
          <reporter-output>
          </reporter-output>
        </test-method> <!-- verifyHomePageTitle -->
      </class> <!-- myPackage.myClass -->
    </test> <!-- Default test -->
  </suite> <!-- Default suite -->
</testng-results>
