<?xml version="1.0" encoding="UTF-8"?>
<testng-results skipped="0" failed="0" total="1" passed="1">
  <reporter-output>
  </reporter-output>
  <suite name="Default suite" duration-ms="14336" started-at="2016-10-20T15:39:15Z" finished-at="2016-10-20T15:39:29Z">
    <groups>
    </groups>
    <test name="Default test" duration-ms="14336" started-at="2016-10-20T15:39:15Z" finished-at="2016-10-20T15:39:29Z">
      <class name="myPackage.Shopping">
        <test-method status="PASS" signature="openPage()[pri:0, instance:myPackage.Shopping@16905e]" name="openPage" is-config="true" duration-ms="5005" started-at="2016-10-20T11:39:15Z" finished-at="2016-10-20T11:39:20Z">
          <reporter-output>
          </reporter-output>
        </test-method> <!-- openPage -->
        <test-method status="PASS" signature="myTest()[pri:0, instance:myPackage.Shopping@16905e]" name="myTest" duration-ms="9298" started-at="2016-10-20T11:39:20Z" finished-at="2016-10-20T11:39:29Z">
          <reporter-output>
          </reporter-output>
        </test-method> <!-- myTest -->
      </class> <!-- myPackage.Shopping -->
    </test> <!-- Default test -->
  </suite> <!-- Default suite -->
</testng-results>
